c:\repos\falconeye\src\kernel\falconeye\x64\debug\vc142.pdb
c:\repos\falconeye\src\kernel\falconeye\x64\debug\entry.obj
c:\repos\falconeye\src\kernel\falconeye\x64\debug\helper.obj
c:\repos\falconeye\src\kernel\falconeye\x64\debug\syscalls.obj
c:\repos\falconeye\src\kernel\falconeye\x64\debug\floatingcodedetect.obj
c:\repos\falconeye\src\kernel\falconeye\x64\debug\callbacks.obj
c:\repos\falconeye\src\kernel\falconeye\x64\debug\actionhistory.obj
c:\repos\falconeye\src\kernel\falconeye\x64\debug\readuserbuffer.obj
c:\repos\falconeye\src\kernel\falconeye\x64\debug\stdafx.obj
c:\repos\falconeye\src\kernel\falconeye\x64\debug\falconeye.sys
c:\repos\falconeye\src\kernel\falconeye\x64\debug\falconeye.pdb
c:\repos\falconeye\src\kernel\falconeye\x64\debug\falconeye.res
c:\repos\falconeye\src\kernel\falconeye\x64\debug\falconeye.inf
c:\repos\falconeye\src\kernel\falconeye\x64\debug\falconeye.cer
c:\repos\falconeye\src\kernel\falconeye\x64\debug\falconeye.tlog\cl.command.1.tlog
c:\repos\falconeye\src\kernel\falconeye\x64\debug\falconeye.tlog\cl.read.1.tlog
c:\repos\falconeye\src\kernel\falconeye\x64\debug\falconeye.tlog\cl.write.1.tlog
c:\repos\falconeye\src\kernel\falconeye\x64\debug\falconeye.tlog\link.command.1.tlog
c:\repos\falconeye\src\kernel\falconeye\x64\debug\falconeye.tlog\link.read.1.tlog
c:\repos\falconeye\src\kernel\falconeye\x64\debug\falconeye.tlog\link.write.1.tlog
c:\repos\falconeye\src\kernel\falconeye\x64\debug\falconeye.tlog\rc.command.1.tlog
c:\repos\falconeye\src\kernel\falconeye\x64\debug\falconeye.tlog\rc.read.1.tlog
c:\repos\falconeye\src\kernel\falconeye\x64\debug\falconeye.tlog\rc.write.1.tlog
c:\repos\falconeye\src\kernel\falconeye\x64\debug\falconeye.tlog\signtool.command.1.tlog
c:\repos\falconeye\src\kernel\falconeye\x64\debug\falconeye.tlog\signtool.read.1.tlog
c:\repos\falconeye\src\kernel\falconeye\x64\debug\falconeye.tlog\signtool.timestamp.1.tlog
c:\repos\falconeye\src\kernel\falconeye\x64\debug\falconeye.tlog\signtool.write.1.tlog
c:\repos\falconeye\src\kernel\falconeye\x64\debug\falconeye.tlog\stampinf.command.1.tlog
c:\repos\falconeye\src\kernel\falconeye\x64\debug\falconeye.tlog\stampinf.read.1.tlog
c:\repos\falconeye\src\kernel\falconeye\x64\debug\falconeye.tlog\stampinf.write.1.tlog
